<?xml version="1.0" encoding="utf-8"?><testsuite errors="0" failures="3" name="pytest" skips="0" tests="15" time="18.099"><testcase classname="" file="setup.py" name="setup" time="0.002034425735473633"></testcase><testcase classname="" file="keyup/__init__.py" name="keyup.__init__" time="0.0008137226104736328"></testcase><testcase classname="" file="keyup/_version.py" name="keyup._version" time="0.0008022785186767578"></testcase><testcase classname="" file="keyup/about.py" name="keyup.about" time="0.0006885528564453125"></testcase><testcase classname="" file="keyup/cli.py" name="keyup.cli" time="0.0007328987121582031"></testcase><testcase classname="" file="keyup/colors.py" name="keyup.colors" time="0.0006601810455322266"></testcase><testcase classname="" file="keyup/configuration.py" name="keyup.configuration" time="0.0006997585296630859"><failure message="E:162,21: Undefined variable &apos;unix_codes&apos; (undefined-variable)">E:162,21: Undefined variable &apos;unix_codes&apos; (undefined-variable)</failure></testcase><testcase classname="" file="keyup/help_menu.py" name="keyup.help_menu" time="0.0006742477416992188"></testcase><testcase classname="" file="keyup/logd.py" name="keyup.logd" time="0.0006883144378662109"></testcase><testcase classname="" file="keyup/menu.py" name="keyup.menu" time="0.0007760524749755859"><failure message="E: 53,25: Using variable &apos;submenu_backup&apos; before assignment (used-before-assignment)
E: 54,26: Using variable &apos;submenu_logging&apos; before assignment (used-before-assignment)
E: 81, 8: Instance of &apos;CursesMenu&apos; has no &apos;append&apos; member (no-member)
E: 88,47: Undefined variable &apos;submenu_selection&apos; (undefined-variable)">E: 53,25: Using variable &apos;submenu_backup&apos; before assignment (used-before-assignment)
E: 54,26: Using variable &apos;submenu_logging&apos; before assignment (used-before-assignment)
E: 81, 8: Instance of &apos;CursesMenu&apos; has no &apos;append&apos; member (no-member)
E: 88,47: Undefined variable &apos;submenu_selection&apos; (undefined-variable)</failure></testcase><testcase classname="" file="keyup/oscodes_unix.py" name="keyup.oscodes_unix" time="0.0006406307220458984"></testcase><testcase classname="" file="keyup/oscodes_win.py" name="keyup.oscodes_win" time="0.0005674362182617188"></testcase><testcase classname="" file="keyup/progress.py" name="keyup.progress" time="0.0006384849548339844"></testcase><testcase classname="" file="keyup/script_utils.py" name="keyup.script_utils" time="0.0007338523864746094"><failure message="E:287,38: Module &apos;pygments.lexers&apos; has no &apos;JsonLexer&apos; member (no-member)
E:287,58: Module &apos;pygments.formatters&apos; has no &apos;TerminalFormatter&apos; member (no-member)
E:375,12: Undefined variable &apos;pdb&apos; (undefined-variable)">E:287,38: Module &apos;pygments.lexers&apos; has no &apos;JsonLexer&apos; member (no-member)
E:287,58: Module &apos;pygments.formatters&apos; has no &apos;TerminalFormatter&apos; member (no-member)
E:375,12: Undefined variable &apos;pdb&apos; (undefined-variable)</failure></testcase><testcase classname="" file="keyup/statics.py" name="keyup.statics" time="0.0006053447723388672"></testcase></testsuite>